=> Booting Puma
=> Rails 5.2.1 application starting in development 
=> Run `rails server -h` for more startup options
Puma starting in single mode...
* Version 3.12.0 (ruby 2.3.1-p112), codename: Llamas in Pajamas
* Min threads: 5, max threads: 5
* Environment: development
* Listening on tcp://0.0.0.0:3000
Use Ctrl-C to stop
Started GET "/" for 127.0.0.1 at 2018-09-11 17:15:30 -0500
  [1m[35m (0.1ms)[0m  [1m[34mSELECT "schema_migrations"."version" FROM "schema_migrations" ORDER BY "schema_migrations"."version" ASC[0m
  ↳ /var/lib/gems/2.3.0/gems/activerecord-5.2.1/lib/active_record/log_subscriber.rb:98
Processing by WelcomeController#index as HTML
  Rendering welcome/index.html.erb within layouts/application
  [1m[36mAnuncio Load (0.4ms)[0m  [1m[34mSELECT  "anuncios".* FROM "anuncios" WHERE "anuncios"."publicar" = ? LIMIT ? OFFSET ?[0m  [["publicar", 1], ["LIMIT", 10], ["OFFSET", 0]]
  ↳ app/views/welcome/index.html.erb:44
  [1m[35m (0.5ms)[0m  [1m[34mSELECT COUNT(*) FROM "anuncios" WHERE "anuncios"."publicar" = ?[0m  [["publicar", 1]]
  ↳ app/views/welcome/index.html.erb:81
  Rendered welcome/index.html.erb within layouts/application (24.0ms)
Completed 200 OK in 389ms (Views: 378.5ms | ActiveRecord: 1.5ms)


Started GET "/" for 127.0.0.1 at 2018-09-11 17:16:12 -0500
Processing by WelcomeController#index as HTML
  Rendering welcome/index.html.erb within layouts/application
  [1m[36mAnuncio Load (1.9ms)[0m  [1m[34mSELECT  "anuncios".* FROM "anuncios" WHERE "anuncios"."publicar" = ? LIMIT ? OFFSET ?[0m  [["publicar", 1], ["LIMIT", 10], ["OFFSET", 0]]
  ↳ app/views/welcome/index.html.erb:44
  [1m[35m (1.7ms)[0m  [1m[34mSELECT COUNT(*) FROM "anuncios" WHERE "anuncios"."publicar" = ?[0m  [["publicar", 1]]
  ↳ app/views/welcome/index.html.erb:81
  Rendered welcome/index.html.erb within layouts/application (18.7ms)
Completed 200 OK in 44ms (Views: 37.6ms | ActiveRecord: 3.5ms)


Started GET "/welcome/index?page=23" for 127.0.0.1 at 2018-09-11 17:16:17 -0500
Processing by WelcomeController#index as HTML
  Parameters: {"page"=>"23"}
  Rendering welcome/index.html.erb within layouts/application
  [1m[36mAnuncio Load (1.0ms)[0m  [1m[34mSELECT  "anuncios".* FROM "anuncios" WHERE "anuncios"."publicar" = ? LIMIT ? OFFSET ?[0m  [["publicar", 1], ["LIMIT", 10], ["OFFSET", 220]]
  ↳ app/views/welcome/index.html.erb:44
  Rendered welcome/index.html.erb within layouts/application (4.6ms)
Completed 200 OK in 17ms (Views: 14.7ms | ActiveRecord: 1.0ms)


